6/23/2025 11:15:59 PM	This log contains information about the import schema operation into project 'Database1' on computer 'ZSOLTI' by user 'papai'.
6/23/2025 11:15:59 PM	Import of database schema has started.
6/23/2025 11:16:05 PM	Gathering database credentials
6/23/2025 11:16:05 PM	Gathering database options
6/23/2025 11:16:05 PM	Gathering generic database scoped configuration option
6/23/2025 11:16:05 PM	Gathering users
6/23/2025 11:16:05 PM	Gathering roles
6/23/2025 11:16:05 PM	Gathering application roles
6/23/2025 11:16:05 PM	Gathering role memberships
6/23/2025 11:16:05 PM	Gathering filegroups
6/23/2025 11:16:05 PM	Gathering full-text catalogs
6/23/2025 11:16:05 PM	Gathering assemblies
6/23/2025 11:16:05 PM	Gathering certificates
6/23/2025 11:16:05 PM	Gathering asymmetric keys
6/23/2025 11:16:05 PM	Gathering symmetric keys
6/23/2025 11:16:05 PM	Gathering encrypted symmetric keys
6/23/2025 11:16:05 PM	Gathering schemas
6/23/2025 11:16:05 PM	Gathering XML schema collections
6/23/2025 11:16:05 PM	Gathering user-defined data types
6/23/2025 11:16:05 PM	Gathering user-defined types
6/23/2025 11:16:05 PM	Gathering table types
6/23/2025 11:16:05 PM	Gathering unique keys for table types
6/23/2025 11:16:05 PM	Gathering primary keys for table types
6/23/2025 11:16:05 PM	Gathering indexes for table types
6/23/2025 11:16:05 PM	Gathering check constraints for table types
6/23/2025 11:16:05 PM	Gathering default constraints for table types
6/23/2025 11:16:05 PM	Gathering partition functions
6/23/2025 11:16:05 PM	Gathering partition schemes
6/23/2025 11:16:05 PM	Gathering functions
6/23/2025 11:16:05 PM	Gathering encrypted functions
6/23/2025 11:16:05 PM	Gathering aggregates
6/23/2025 11:16:05 PM	Gathering procedures
6/23/2025 11:16:05 PM	Gathering encrypted procedures
6/23/2025 11:16:05 PM	Gathering tables
6/23/2025 11:16:05 PM	Gathering primary keys
6/23/2025 11:16:06 PM	Gathering unique constraints
6/23/2025 11:16:06 PM	Gathering foreign keys
6/23/2025 11:16:06 PM	Gathering default constraints
6/23/2025 11:16:06 PM	Gathering check constraints
6/23/2025 11:16:06 PM	Gathering views
6/23/2025 11:16:06 PM	Gathering encrypted views
6/23/2025 11:16:06 PM	Gathering indexes
6/23/2025 11:16:06 PM	Gathering statistics
6/23/2025 11:16:06 PM	Gathering full-text index stoplists
6/23/2025 11:16:06 PM	Gathering search property lists
6/23/2025 11:16:06 PM	Gathering search properties
6/23/2025 11:16:06 PM	Gathering full-text indexes
6/23/2025 11:16:06 PM	Gathering column store indexes
6/23/2025 11:16:06 PM	Gathering spatial indexes
6/23/2025 11:16:06 PM	Gathering XML indexes
6/23/2025 11:16:06 PM	Gathering Selective XML indexes
6/23/2025 11:16:06 PM	Gathering encrypted triggers
6/23/2025 11:16:06 PM	Gathering triggers
6/23/2025 11:16:06 PM	Gathering encrypted and clr ddl triggers
6/23/2025 11:16:06 PM	Gathering ddl triggers
6/23/2025 11:16:06 PM	Creating edge constraints
6/23/2025 11:16:06 PM	Gathering synonyms
6/23/2025 11:16:06 PM	Gathering defaults
6/23/2025 11:16:06 PM	Gathering data constraint uddt bindings
6/23/2025 11:16:06 PM	Gathering rules
6/23/2025 11:16:06 PM	Gathering data constraint uddt bindings
6/23/2025 11:16:06 PM	Gathering message types
6/23/2025 11:16:06 PM	Gathering queues
6/23/2025 11:16:06 PM	Gathering contracts
6/23/2025 11:16:06 PM	Gathering services
6/23/2025 11:16:06 PM	Gathering event notifications
6/23/2025 11:16:06 PM	Gathering remote service bindings
6/23/2025 11:16:06 PM	Gathering broker priorities
6/23/2025 11:16:06 PM	Gathering signatures
6/23/2025 11:16:06 PM	Gathering compression options
6/23/2025 11:16:06 PM	Gathering sequence types
6/23/2025 11:16:06 PM	Gathering security policies
6/23/2025 11:16:06 PM	Gather column encryption keys
6/23/2025 11:16:06 PM	Gathering column master keys
6/23/2025 11:16:06 PM	Gathering external data sources
6/23/2025 11:16:06 PM	Gathering external file formats
6/23/2025 11:16:06 PM	Gathering external tables
6/23/2025 11:16:06 PM	Gathering XML index compression options
6/23/2025 11:16:06 PM	Gathering extended properties
6/23/2025 11:16:06 PM	Gathering assemblies
6/23/2025 11:16:06 PM	Gathering credentials
6/23/2025 11:16:06 PM	Gathering logins
6/23/2025 11:16:06 PM	Gathering server audits
6/23/2025 11:16:06 PM	Scanning project for duplicate elements
6/23/2025 11:16:06 PM	Finished duplicate element processing
6/23/2025 11:16:07 PM	Finished importing database.
6/23/2025 11:16:07 PM	A summary of the import was saved to the following location: C:\Users\papai\OneDrive\Desktop\RetailPulse_DW\RetailPulse_DW_CI\Database1\Import Schema Logs\Database1_20250623081559.log
6/23/2025 11:16:07 PM	Click Finish to continue...
